<?xml version="1.0" encoding="UTF-8" ?>
<testsuite tests="17" failures="0" name="com.test.runnerfiles.RunBrowserStackTests" time="0.193" errors="0" skipped="0">
  <properties>
    <property name="java.runtime.name" value="Java(TM) SE Runtime Environment"/>
    <property name="sun.boot.library.path" value="/Library/Java/JavaVirtualMachines/jdk1.8.0_144.jdk/Contents/Home/jre/lib"/>
    <property name="java.vm.version" value="25.144-b01"/>
    <property name="browser" value="browserstack"/>
    <property name="user.country.format" value="GB"/>
    <property name="gopherProxySet" value="false"/>
    <property name="java.vm.vendor" value="Oracle Corporation"/>
    <property name="maven.multiModuleProjectDirectory" value="/Users/administrator/Applications/hmrc-development-environment/hmrc/javaSeleniumMavenTest"/>
    <property name="java.vendor.url" value="http://java.oracle.com/"/>
    <property name="path.separator" value=":"/>
    <property name="guice.disable.misplaced.annotation.check" value="true"/>
    <property name="java.vm.name" value="Java HotSpot(TM) 64-Bit Server VM"/>
    <property name="file.encoding.pkg" value="sun.io"/>
    <property name="user.country" value="US"/>
    <property name="sun.java.launcher" value="SUN_STANDARD"/>
    <property name="sun.os.patch.level" value="unknown"/>
    <property name="test" value="RunBrowserStackTests"/>
    <property name="java.vm.specification.name" value="Java Virtual Machine Specification"/>
    <property name="user.dir" value="/Users/administrator/Applications/hmrc-development-environment/hmrc/javaSeleniumMavenTest"/>
    <property name="java.runtime.version" value="1.8.0_144-b01"/>
    <property name="java.awt.graphicsenv" value="sun.awt.CGraphicsEnvironment"/>
    <property name="java.endorsed.dirs" value="/Library/Java/JavaVirtualMachines/jdk1.8.0_144.jdk/Contents/Home/jre/lib/endorsed"/>
    <property name="os.arch" value="x86_64"/>
    <property name="java.io.tmpdir" value="/var/folders/_y/_z9g1h6159z9z0kj_c3h_ypw0000gn/T/"/>
    <property name="line.separator" value="
"/>
    <property name="java.vm.specification.vendor" value="Oracle Corporation"/>
    <property name="os.name" value="Mac OS X"/>
    <property name="classworlds.conf" value="/Users/administrator/Applications/apache-maven-3.5.3/bin/m2.conf"/>
    <property name="sun.jnu.encoding" value="UTF-8"/>
    <property name="java.library.path" value="/Users/administrator/Library/Java/Extensions:/Library/Java/Extensions:/Network/Library/Java/Extensions:/System/Library/Java/Extensions:/usr/lib/java:."/>
    <property name="maven.conf" value="/Users/administrator/Applications/apache-maven-3.5.3/conf"/>
    <property name="java.specification.name" value="Java Platform API Specification"/>
    <property name="java.class.version" value="52.0"/>
    <property name="sun.management.compiler" value="HotSpot 64-Bit Tiered Compilers"/>
    <property name="os.version" value="10.11.6"/>
    <property name="http.nonProxyHosts" value="local|*.local|169.254/16|*.169.254/16"/>
    <property name="library.jansi.path" value="/Users/administrator/Applications/apache-maven-3.5.3/lib/jansi-native"/>
    <property name="user.home" value="/Users/administrator"/>
    <property name="user.timezone" value="Europe/London"/>
    <property name="java.awt.printerjob" value="sun.lwawt.macosx.CPrinterJob"/>
    <property name="java.specification.version" value="1.8"/>
    <property name="file.encoding" value="UTF-8"/>
    <property name="user.name" value="administrator"/>
    <property name="java.class.path" value="/Users/administrator/Applications/apache-maven-3.5.3/boot/plexus-classworlds-2.5.2.jar"/>
    <property name="java.vm.specification.version" value="1.8"/>
    <property name="sun.arch.data.model" value="64"/>
    <property name="java.home" value="/Library/Java/JavaVirtualMachines/jdk1.8.0_144.jdk/Contents/Home/jre"/>
    <property name="sun.java.command" value="org.codehaus.plexus.classworlds.launcher.Launcher -Dlogback.configurationFile=logback.xml -Dbrowser=browserstack -DtestDevice=BS_Win8_Firefox_v58 -Denvironment=local -Dtest=RunBrowserStackTests"/>
    <property name="java.specification.vendor" value="Oracle Corporation"/>
    <property name="user.language" value="en"/>
    <property name="awt.toolkit" value="sun.lwawt.macosx.LWCToolkit"/>
    <property name="testDevice" value="BS_Win8_Firefox_v58"/>
    <property name="java.vm.info" value="mixed mode"/>
    <property name="java.version" value="1.8.0_144"/>
    <property name="java.ext.dirs" value="/Users/administrator/Library/Java/Extensions:/Library/Java/JavaVirtualMachines/jdk1.8.0_144.jdk/Contents/Home/jre/lib/ext:/Library/Java/Extensions:/Network/Library/Java/Extensions:/System/Library/Java/Extensions:/usr/lib/java"/>
    <property name="sun.boot.class.path" value="/Library/Java/JavaVirtualMachines/jdk1.8.0_144.jdk/Contents/Home/jre/lib/resources.jar:/Library/Java/JavaVirtualMachines/jdk1.8.0_144.jdk/Contents/Home/jre/lib/rt.jar:/Library/Java/JavaVirtualMachines/jdk1.8.0_144.jdk/Contents/Home/jre/lib/sunrsasign.jar:/Library/Java/JavaVirtualMachines/jdk1.8.0_144.jdk/Contents/Home/jre/lib/jsse.jar:/Library/Java/JavaVirtualMachines/jdk1.8.0_144.jdk/Contents/Home/jre/lib/jce.jar:/Library/Java/JavaVirtualMachines/jdk1.8.0_144.jdk/Contents/Home/jre/lib/charsets.jar:/Library/Java/JavaVirtualMachines/jdk1.8.0_144.jdk/Contents/Home/jre/lib/jfr.jar:/Library/Java/JavaVirtualMachines/jdk1.8.0_144.jdk/Contents/Home/jre/classes"/>
    <property name="java.vendor" value="Oracle Corporation"/>
    <property name="logback.configurationFile" value="logback.xml"/>
    <property name="environment" value="local"/>
    <property name="maven.home" value="/Users/administrator/Applications/apache-maven-3.5.3"/>
    <property name="file.separator" value="/"/>
    <property name="java.vendor.url.bug" value="http://bugreport.sun.com/bugreport/"/>
    <property name="sun.cpu.endian" value="little"/>
    <property name="sun.io.unicode.encoding" value="UnicodeBig"/>
    <property name="socksNonProxyHosts" value="local|*.local|169.254/16|*.169.254/16"/>
    <property name="ftp.nonProxyHosts" value="local|*.local|169.254/16|*.169.254/16"/>
    <property name="sun.cpu.isalist" value=""/>
  </properties>
  <testcase classname="Scenario: 1 I can successfully remove a bank account from my Tax account" name="Given I have been authenticated as user with nino TM342715C" time="0.003"/>
  <testcase classname="Scenario: 1 I can successfully remove a bank account from my Tax account" name="Then I should be presented with &quot;WDYWTD&quot; page" time="0"/>
  <testcase classname="Scenario: 1 I can successfully remove a bank account from my Tax account" name="And I am on what do you want to do page and select current year" time="0"/>
  <testcase classname="Scenario: 1 I can successfully remove a bank account from my Tax account" name="Then I should be presented with &quot;Income Tax Summary&quot; page" time="0"/>
  <testcase classname="Scenario: 1 I can successfully remove a bank account from my Tax account" name="And I navigate to the &quot;Bbsi overview&quot; page" time="0"/>
  <testcase classname="Scenario: 1 I can successfully remove a bank account from my Tax account" name="Then I should be presented with &quot;Bbsi overview&quot; page" time="0"/>
  <testcase classname="Scenario: 1 I can successfully remove a bank account from my Tax account" name="And I navigate to the &quot;Bank Account details&quot; page" time="0"/>
  <testcase classname="Scenario: 1 I can successfully remove a bank account from my Tax account" name="Then I should be presented with &quot;Bank Account details&quot; page" time="0"/>
  <testcase classname="Scenario: 1 I can successfully remove a bank account from my Tax account" name="Scenario: 1 I can successfully remove a bank account from my Tax account" time="0.082"/>
  <testcase classname="Scenario: 2- English user with Simple Tax view" name="Given I have been authenticated as user with nino AM717213A" time="0"/>
  <testcase classname="Scenario: 2- English user with Simple Tax view" name="And I am on what do you want to do page and select current year" time="0"/>
  <testcase classname="Scenario: 2- English user with Simple Tax view" name="Then I should be presented with &quot;Income Tax Summary&quot; page" time="0"/>
  <testcase classname="Scenario: 2- English user with Simple Tax view" name="When I navigate to the &quot;Your Income Tax Estimate&quot; page" time="0"/>
  <testcase classname="Scenario: 2- English user with Simple Tax view" name="Then I should be presented with &quot;Your Income Tax Estimate&quot; page" time="0"/>
  <testcase classname="Scenario: 2- English user with Simple Tax view" name="And I click on view detailed income tax estimate button" time="0"/>
  <testcase classname="Scenario: 2- English user with Simple Tax view" name="Then I should be presented with &quot;Your Tax Free Amount&quot; page" time="0"/>
  <testcase classname="Scenario: 2- English user with Simple Tax view" name="Scenario: 2- English user with Simple Tax view" time="0.108"/>
</testsuite>